生成启动时间为 2017/1/2 18:31:42。
     1>项目“E:\C++\学习\lena\lena\lena.vcxproj”在节点 2 上(build 个目标)。
     1>InitializeBuildStatus:
         正在创建“Debug\HOG+SVM.unsuccessfulbuild”，因为已指定“AlwaysCreate”。
       ClCompile:
         E:\Program Files (x86)\Microsoft Visual Studio 10.0\VC\bin\CL.exe /c /ZI /nologo /W3 /WX- /Od /Oy- /D WIN32 /D _DEBUG /D _CONSOLE /D _UNICODE /D UNICODE /Gm /EHsc /RTC1 /MDd /GS /fp:precise /Zc:wchar_t /Zc:forScope /Fo"Debug\\" /Fd"Debug\vc100.pdb" /Gd /TP /analyze- /errorReport:prompt HOG+SVM.cpp
         HOG+SVM.cpp
     1>e:\c++\学习\lena\lena\hog+svm.cpp(35): warning C4244: “return”: 从“double”转换到“float”，可能丢失数据
     1>e:\c++\学习\lena\lena\hog+svm.cpp(180): warning C4244: “=”: 从“double”转换到“float”，可能丢失数据
     1>e:\c++\学习\lena\lena\hog+svm.cpp(214): warning C4018: “<”: 有符号/无符号不匹配
     1>e:\c++\学习\lena\lena\hog+svm.cpp(218): warning C4018: “<”: 有符号/无符号不匹配
     1>e:\c++\学习\lena\lena\hog+svm.cpp(228): warning C4018: “<”: 有符号/无符号不匹配
       ManifestResourceCompile:
         所有输出均为最新。
       Link:
         E:\Program Files (x86)\Microsoft Visual Studio 10.0\VC\bin\link.exe /ERRORREPORT:PROMPT /OUT:"E:\C++\学习\lena\Debug\HOG+SVM.exe" /INCREMENTAL /NOLOGO /LIBPATH:"E:\Program Files (x86)\opencv\opencv\build\x86\vc10\lib" opencv_calib3d244d.lib opencv_contrib244d.lib opencv_core244d.lib opencv_features2d244d.lib opencv_flann244d.lib opencv_gpu244d.lib opencv_highgui244d.lib opencv_imgproc244d.lib opencv_legacy244d.lib opencv_ml244d.lib opencv_nonfree244d.lib opencv_objdetect244d.lib opencv_photo244d.lib opencv_stitching244d.lib opencv_ts244d.lib opencv_video244d.lib opencv_videostab244d.lib /MANIFEST /ManifestFile:"Debug\HOG+SVM.exe.intermediate.manifest" /MANIFESTUAC:"level='asInvoker' uiAccess='false'" /DEBUG /PDB:"E:\C++\学习\lena\Debug\HOG+SVM.pdb" /SUBSYSTEM:CONSOLE /TLBID:1 /DYNAMICBASE /NXCOMPAT /IMPLIB:"E:\C++\学习\lena\Debug\HOG+SVM.lib" /MACHINE:X86 Debug\HOG+SVM.exe.embed.manifest.res
         Debug\HOG+SVM.obj
       Manifest:
         C:\Program Files (x86)\Microsoft SDKs\Windows\v7.0A\bin\mt.exe /nologo /verbose /out:"Debug\HOG+SVM.exe.embed.manifest" /manifest Debug\HOG+SVM.exe.intermediate.manifest
         所有输出均为最新。
       LinkEmbedManifest:
         所有输出均为最新。
         lena.vcxproj -> E:\C++\学习\lena\Debug\HOG+SVM.exe
       FinalizeBuildStatus:
         正在删除文件“Debug\HOG+SVM.unsuccessfulbuild”。
         正在对“Debug\HOG+SVM.lastbuildstate”执行 Touch 任务。
     1>已完成生成项目“E:\C++\学习\lena\lena\lena.vcxproj”(build 个目标)的操作。

生成成功。

已用时间 00:00:02.87
