生成启动时间为 2017/1/2 15:53:06。
     1>项目“E:\C++\学习\lena\加入自举法\加入自举法.vcxproj”在节点 2 上(build 个目标)。
     1>InitializeBuildStatus:
         正在对“Debug\加入自举法.unsuccessfulbuild”执行 Touch 任务。
       ClCompile:
         E:\Program Files (x86)\Microsoft Visual Studio 10.0\VC\bin\CL.exe /c /ZI /nologo /W3 /WX- /Od /Oy- /D _UNICODE /D UNICODE /Gm /EHsc /RTC1 /MDd /GS /fp:precise /Zc:wchar_t /Zc:forScope /Fo"Debug\\" /Fd"Debug\vc100.pdb" /Gd /TP /analyze- /errorReport:prompt "自举法重复训练.cpp"
         自举法重复训练.cpp
     1>e:\c++\学习\lena\加入自举法\自举法重复训练.cpp(29): warning C4244: “return”: 从“double”转换到“float”，可能丢失数据
     1>e:\c++\学习\lena\加入自举法\自举法重复训练.cpp(69): warning C4244: “=”: 从“double”转换到“float”，可能丢失数据
     1>e:\c++\学习\lena\加入自举法\自举法重复训练.cpp(116): warning C4018: “<”: 有符号/无符号不匹配
     1>e:\c++\学习\lena\加入自举法\自举法重复训练.cpp(132): warning C4996: 'sprintf': This function or variable may be unsafe. Consider using sprintf_s instead. To disable deprecation, use _CRT_SECURE_NO_WARNINGS. See online help for details.
                 e:\program files (x86)\microsoft visual studio 10.0\vc\include\stdio.h(371) : 参见“sprintf”的声明
       Link:
         E:\Program Files (x86)\Microsoft Visual Studio 10.0\VC\bin\link.exe /ERRORREPORT:PROMPT /OUT:"E:\C++\学习\lena\Debug\加入自举法.exe" /NOLOGO opencv_calib3d244d.lib opencv_contrib244d.lib opencv_core244d.lib opencv_features2d244d.lib opencv_flann244d.lib opencv_gpu244d.lib opencv_highgui244d.lib opencv_imgproc244d.lib opencv_legacy244d.lib opencv_ml244d.lib opencv_nonfree244d.lib opencv_objdetect244d.lib opencv_photo244d.lib opencv_stitching244d.lib opencv_ts244d.lib opencv_video244d.lib opencv_videostab244d.lib opencv_calib3d244.lib opencv_contrib244.lib opencv_core244.lib opencv_features2d244.lib opencv_flann244.lib opencv_gpu244.lib opencv_highgui244.lib opencv_imgproc244.lib opencv_legacy244.lib opencv_ml244.lib opencv_nonfree244.lib opencv_objdetect244.lib opencv_photo244.lib opencv_stitching244.lib opencv_ts244.lib opencv_video244.lib opencv_videostab244.lib /MANIFEST /ManifestFile:"Debug\加入自举法.exe.intermediate.manifest" /MANIFESTUAC:"level='asInvoker' uiAccess='false'" /DEBUG /PDB:"E:\C++\学习\lena\Debug\加入自举法.pdb" /TLBID:1 /DYNAMICBASE /NXCOMPAT /IMPLIB:"E:\C++\学习\lena\Debug\加入自举法.lib" /MACHINE:X86 "Debug\自举法重复训练.obj"
         加入自举法.vcxproj -> E:\C++\学习\lena\Debug\加入自举法.exe
       Manifest:
         C:\Program Files (x86)\Microsoft SDKs\Windows\v7.0A\bin\mt.exe /nologo /verbose /outputresource:"E:\C++\学习\lena\Debug\加入自举法.exe;#1" /manifest "Debug\加入自举法.exe.intermediate.manifest"
       FinalizeBuildStatus:
         正在删除文件“Debug\加入自举法.unsuccessfulbuild”。
         正在对“Debug\加入自举法.lastbuildstate”执行 Touch 任务。
     1>已完成生成项目“E:\C++\学习\lena\加入自举法\加入自举法.vcxproj”(build 个目标)的操作。

生成成功。

已用时间 00:00:02.91
