生成启动时间为 2016/12/28 21:14:25。
     1>项目“E:\C++\学习\lena\lena\lena.vcxproj”在节点 2 上(build 个目标)。
     1>InitializeBuildStatus:
         正在创建“Release\HOG+SVM.unsuccessfulbuild”，因为已指定“AlwaysCreate”。
       ClCompile:
         E:\Program Files (x86)\Microsoft Visual Studio 10.0\VC\bin\CL.exe /c /Zi /nologo /W3 /WX- /O2 /Oi /Oy- /GL /D WIN32 /D NDEBUG /D _CONSOLE /D _UNICODE /D UNICODE /Gm- /EHsc /MD /GS /Gy /fp:precise /Zc:wchar_t /Zc:forScope /Fo"Release\\" /Fd"Release\vc100.pdb" /Gd /TP /analyze- /errorReport:prompt HOG+SVM.cpp
         HOG+SVM.cpp
     1>HOG+SVM.cpp(35): warning C4244: “return”: 从“double”转换到“float”，可能丢失数据
     1>HOG+SVM.cpp(175): warning C4244: “=”: 从“double”转换到“float”，可能丢失数据
     1>HOG+SVM.cpp(198): warning C4018: “<”: 有符号/无符号不匹配
     1>HOG+SVM.cpp(209): warning C4018: “<”: 有符号/无符号不匹配
     1>HOG+SVM.cpp(213): warning C4018: “<”: 有符号/无符号不匹配
     1>HOG+SVM.cpp(223): warning C4018: “<”: 有符号/无符号不匹配
       Link:
         E:\Program Files (x86)\Microsoft Visual Studio 10.0\VC\bin\link.exe /ERRORREPORT:PROMPT /OUT:"E:\C++\学习\lena\Release\HOG+SVM.exe" /INCREMENTAL:NO /NOLOGO opencv_calib3d244d.lib opencv_calib3d244.lib opencv_contrib244.lib opencv_core244.lib opencv_features2d244.lib opencv_flann244.lib opencv_gpu244.lib opencv_highgui244.lib opencv_imgproc244.lib opencv_legacy244.lib opencv_ml244.lib opencv_nonfree244.lib opencv_objdetect244.lib opencv_photo244.lib opencv_stitching244.lib opencv_ts244.lib opencv_video244.lib opencv_videostab244.lib /MANIFEST /ManifestFile:"Release\HOG+SVM.exe.intermediate.manifest" /MANIFESTUAC:"level='asInvoker' uiAccess='false'" /DEBUG /PDB:"E:\C++\学习\lena\Release\HOG+SVM.pdb" /SUBSYSTEM:CONSOLE /OPT:REF /OPT:ICF /LTCG /TLBID:1 /DYNAMICBASE /NXCOMPAT /IMPLIB:"E:\C++\学习\lena\Release\HOG+SVM.lib" /MACHINE:X86 Release\HOG+SVM.obj
         正在生成代码
         已完成代码的生成
         lena.vcxproj -> E:\C++\学习\lena\Release\HOG+SVM.exe
       Manifest:
         C:\Program Files (x86)\Microsoft SDKs\Windows\v7.0A\bin\mt.exe /nologo /verbose /outputresource:"E:\C++\学习\lena\Release\HOG+SVM.exe;#1" /manifest Release\HOG+SVM.exe.intermediate.manifest
       FinalizeBuildStatus:
         正在删除文件“Release\HOG+SVM.unsuccessfulbuild”。
         正在对“Release\HOG+SVM.lastbuildstate”执行 Touch 任务。
     1>已完成生成项目“E:\C++\学习\lena\lena\lena.vcxproj”(build 个目标)的操作。

生成成功。

已用时间 00:00:06.24
